CRITICAL - 2023-12-13 10:20:25 --> Maximum execution time of 30 seconds exceeded
in SYSTEMPATH\ThirdParty\Kint\Renderer\RendererInterface.php on line 58.
 1 [internal function]: CodeIgniter\Debug\Exceptions->shutdownHandler()
CRITICAL - 2023-12-13 10:21:41 --> Maximum execution time of 30 seconds exceeded
in SYSTEMPATH\ThirdParty\Kint\Zval\Representation\Representation.php on line 74.
 1 [internal function]: CodeIgniter\Debug\Exceptions->shutdownHandler()
CRITICAL - 2023-12-13 10:23:31 --> Undefined variable $dados
in APPPATH\Controllers\Infor.php on line 53.
 1 APPPATH\Controllers\Infor.php(53): CodeIgniter\Debug\Exceptions->errorHandler(2, 'Undefined variable $dados', 'C:\\xampp\\htdocs\\framework-4.4.3\\app\\Controllers\\Infor.php', 53)
 2 SYSTEMPATH\CodeIgniter.php(942): App\Controllers\Infor->EditarInfo()
 3 SYSTEMPATH\CodeIgniter.php(502): CodeIgniter\CodeIgniter->runController(Object(App\Controllers\Infor))
 4 SYSTEMPATH\CodeIgniter.php(361): CodeIgniter\CodeIgniter->handleRequest(null, Object(Config\Cache), false)
 5 FCPATH\index.php(79): CodeIgniter\CodeIgniter->run()
CRITICAL - 2023-12-13 10:24:05 --> There is no data to update.
in SYSTEMPATH\BaseModel.php on line 1726.
 1 SYSTEMPATH\BaseModel.php(1726): CodeIgniter\Database\Exceptions\DataException::forEmptyDataset('update')
 2 SYSTEMPATH\BaseModel.php(916): CodeIgniter\BaseModel->transformDataToArray(null, 'update')
 3 SYSTEMPATH\Model.php(776): CodeIgniter\BaseModel->update([...], null)
 4 APPPATH\Controllers\Infor.php(53): CodeIgniter\Model->update([...])
 5 SYSTEMPATH\CodeIgniter.php(942): App\Controllers\Infor->EditarInfo()
 6 SYSTEMPATH\CodeIgniter.php(502): CodeIgniter\CodeIgniter->runController(Object(App\Controllers\Infor))
 7 SYSTEMPATH\CodeIgniter.php(361): CodeIgniter\CodeIgniter->handleRequest(null, Object(Config\Cache), false)
 8 FCPATH\index.php(79): CodeIgniter\CodeIgniter->run()
CRITICAL - 2023-12-13 10:48:21 --> There is no data to update.
in SYSTEMPATH\BaseModel.php on line 1726.
 1 SYSTEMPATH\BaseModel.php(1726): CodeIgniter\Database\Exceptions\DataException::forEmptyDataset('update')
 2 SYSTEMPATH\BaseModel.php(916): CodeIgniter\BaseModel->transformDataToArray(null, 'update')
 3 SYSTEMPATH\Model.php(776): CodeIgniter\BaseModel->update([...], null)
 4 APPPATH\Controllers\Infor.php(54): CodeIgniter\Model->update([...])
 5 SYSTEMPATH\CodeIgniter.php(942): App\Controllers\Infor->EditarInfo()
 6 SYSTEMPATH\CodeIgniter.php(502): CodeIgniter\CodeIgniter->runController(Object(App\Controllers\Infor))
 7 SYSTEMPATH\CodeIgniter.php(361): CodeIgniter\CodeIgniter->handleRequest(null, Object(Config\Cache), false)
 8 FCPATH\index.php(79): CodeIgniter\CodeIgniter->run()
CRITICAL - 2023-12-13 10:48:31 --> There is no data to update.
in SYSTEMPATH\BaseModel.php on line 1726.
 1 SYSTEMPATH\BaseModel.php(1726): CodeIgniter\Database\Exceptions\DataException::forEmptyDataset('update')
 2 SYSTEMPATH\BaseModel.php(916): CodeIgniter\BaseModel->transformDataToArray(null, 'update')
 3 SYSTEMPATH\Model.php(776): CodeIgniter\BaseModel->update([...], null)
 4 APPPATH\Controllers\Infor.php(54): CodeIgniter\Model->update([...])
 5 SYSTEMPATH\CodeIgniter.php(942): App\Controllers\Infor->EditarInfo()
 6 SYSTEMPATH\CodeIgniter.php(502): CodeIgniter\CodeIgniter->runController(Object(App\Controllers\Infor))
 7 SYSTEMPATH\CodeIgniter.php(361): CodeIgniter\CodeIgniter->handleRequest(null, Object(Config\Cache), false)
 8 FCPATH\index.php(79): CodeIgniter\CodeIgniter->run()
CRITICAL - 2023-12-13 11:23:33 --> Maximum execution time of 30 seconds exceeded
in SYSTEMPATH\Validation\StrictRules\Rules.php on line 377.
 1 [internal function]: CodeIgniter\Debug\Exceptions->shutdownHandler()
CRITICAL - 2023-12-13 11:27:43 --> There is no data to update.
in SYSTEMPATH\BaseModel.php on line 1726.
 1 SYSTEMPATH\BaseModel.php(1726): CodeIgniter\Database\Exceptions\DataException::forEmptyDataset('update')
 2 SYSTEMPATH\BaseModel.php(916): CodeIgniter\BaseModel->transformDataToArray(null, 'update')
 3 SYSTEMPATH\Model.php(776): CodeIgniter\BaseModel->update([...], null)
 4 APPPATH\Controllers\Infor.php(53): CodeIgniter\Model->update([...])
 5 SYSTEMPATH\CodeIgniter.php(942): App\Controllers\Infor->EditarInfo()
 6 SYSTEMPATH\CodeIgniter.php(502): CodeIgniter\CodeIgniter->runController(Object(App\Controllers\Infor))
 7 SYSTEMPATH\CodeIgniter.php(361): CodeIgniter\CodeIgniter->handleRequest(null, Object(Config\Cache), false)
 8 FCPATH\index.php(79): CodeIgniter\CodeIgniter->run()
ERROR - 2023-12-13 11:30:08 --> mysqli_sql_exception: You have an error in your SQL syntax; check the manual that corresponds to your MariaDB server version for the right syntax to use near ')' at line 3 in C:\xampp\htdocs\framework-4.4.3\system\Database\MySQLi\Connection.php:306
Stack trace:
#0 C:\xampp\htdocs\framework-4.4.3\system\Database\MySQLi\Connection.php(306): mysqli->query('SELECT *\nFROM `...', 0)
#1 C:\xampp\htdocs\framework-4.4.3\system\Database\BaseConnection.php(693): CodeIgniter\Database\MySQLi\Connection->execute('SELECT *\nFROM `...')
#2 C:\xampp\htdocs\framework-4.4.3\system\Database\BaseConnection.php(607): CodeIgniter\Database\BaseConnection->simpleQuery('SELECT *\nFROM `...')
#3 C:\xampp\htdocs\framework-4.4.3\system\Database\BaseBuilder.php(1615): CodeIgniter\Database\BaseConnection->query('SELECT *\nFROM `...', Array, false)
#4 C:\xampp\htdocs\framework-4.4.3\system\Model.php(192): CodeIgniter\Database\BaseBuilder->get()
#5 C:\xampp\htdocs\framework-4.4.3\system\BaseModel.php(563): CodeIgniter\Model->doFind(false, Array)
#6 C:\xampp\htdocs\framework-4.4.3\app\Controllers\Infor.php(59): CodeIgniter\BaseModel->find(Array)
#7 C:\xampp\htdocs\framework-4.4.3\system\CodeIgniter.php(942): App\Controllers\Infor->ExcluirInfo()
#8 C:\xampp\htdocs\framework-4.4.3\system\CodeIgniter.php(502): CodeIgniter\CodeIgniter->runController(Object(App\Controllers\Infor))
#9 C:\xampp\htdocs\framework-4.4.3\system\CodeIgniter.php(361): CodeIgniter\CodeIgniter->handleRequest(NULL, Object(Config\Cache), false)
#10 C:\xampp\htdocs\framework-4.4.3\public\index.php(79): CodeIgniter\CodeIgniter->run()
#11 {main}
CRITICAL - 2023-12-13 11:30:08 --> You have an error in your SQL syntax; check the manual that corresponds to your MariaDB server version for the right syntax to use near ')' at line 3
in SYSTEMPATH\Database\BaseConnection.php on line 647.
 1 SYSTEMPATH\Database\BaseBuilder.php(1615): CodeIgniter\Database\BaseConnection->query('SELECT *
FROM `pessoas`
WHERE `pessoas`.`id` IN :pessoas.id:', [...], false)
 2 SYSTEMPATH\Model.php(192): CodeIgniter\Database\BaseBuilder->get()
 3 SYSTEMPATH\BaseModel.php(563): CodeIgniter\Model->doFind(false, [])
 4 APPPATH\Controllers\Infor.php(59): CodeIgniter\BaseModel->find([])
 5 SYSTEMPATH\CodeIgniter.php(942): App\Controllers\Infor->ExcluirInfo()
 6 SYSTEMPATH\CodeIgniter.php(502): CodeIgniter\CodeIgniter->runController(Object(App\Controllers\Infor))
 7 SYSTEMPATH\CodeIgniter.php(361): CodeIgniter\CodeIgniter->handleRequest(null, Object(Config\Cache), false)
 8 FCPATH\index.php(79): CodeIgniter\CodeIgniter->run()
CRITICAL - 2023-12-13 11:30:41 --> There is no data to update.
in SYSTEMPATH\BaseModel.php on line 1726.
 1 SYSTEMPATH\BaseModel.php(1726): CodeIgniter\Database\Exceptions\DataException::forEmptyDataset('update')
 2 SYSTEMPATH\BaseModel.php(916): CodeIgniter\BaseModel->transformDataToArray(null, 'update')
 3 SYSTEMPATH\Model.php(776): CodeIgniter\BaseModel->update([...], null)
 4 APPPATH\Controllers\Infor.php(53): CodeIgniter\Model->update([...])
 5 SYSTEMPATH\CodeIgniter.php(942): App\Controllers\Infor->EditarInfo()
 6 SYSTEMPATH\CodeIgniter.php(502): CodeIgniter\CodeIgniter->runController(Object(App\Controllers\Infor))
 7 SYSTEMPATH\CodeIgniter.php(361): CodeIgniter\CodeIgniter->handleRequest(null, Object(Config\Cache), false)
 8 FCPATH\index.php(79): CodeIgniter\CodeIgniter->run()
