CRITICAL - 2023-12-12 11:00:03 --> Maximum execution time of 30 seconds exceeded
in SYSTEMPATH\Helpers\kint_helper.php on line 14.
 1 [internal function]: CodeIgniter\Debug\Exceptions->shutdownHandler()
CRITICAL - 2023-12-12 12:56:57 --> Too few arguments to function App\Controllers\Infor::EditarInfo(), 0 passed in C:\xampp\htdocs\framework-4.4.3\system\CodeIgniter.php on line 942 and exactly 1 expected
in APPPATH\Controllers\Infor.php on line 37.
 1 SYSTEMPATH\CodeIgniter.php(942): App\Controllers\Infor->EditarInfo()
 2 SYSTEMPATH\CodeIgniter.php(502): CodeIgniter\CodeIgniter->runController(Object(App\Controllers\Infor))
 3 SYSTEMPATH\CodeIgniter.php(361): CodeIgniter\CodeIgniter->handleRequest(null, Object(Config\Cache), false)
 4 FCPATH\index.php(79): CodeIgniter\CodeIgniter->run()
CRITICAL - 2023-12-12 12:58:06 --> Too few arguments to function App\Controllers\Infor::ExcluirInfo(), 0 passed in C:\xampp\htdocs\framework-4.4.3\system\CodeIgniter.php on line 942 and exactly 1 expected
in APPPATH\Controllers\Infor.php on line 43.
 1 SYSTEMPATH\CodeIgniter.php(942): App\Controllers\Infor->ExcluirInfo()
 2 SYSTEMPATH\CodeIgniter.php(502): CodeIgniter\CodeIgniter->runController(Object(App\Controllers\Infor))
 3 SYSTEMPATH\CodeIgniter.php(361): CodeIgniter\CodeIgniter->handleRequest(null, Object(Config\Cache), false)
 4 FCPATH\index.php(79): CodeIgniter\CodeIgniter->run()
CRITICAL - 2023-12-12 13:03:43 --> Undefined array key "id"
in APPPATH\Views\editar.php on line 10.
 1 APPPATH\Views\editar.php(10): CodeIgniter\Debug\Exceptions->errorHandler(2, 'Undefined array key "id"', 'C:\\xampp\\htdocs\\framework-4.4.3\\app\\Views\\editar.php', 10)
 2 SYSTEMPATH\View\View.php(228): include('C:\\xampp\\htdocs\\framework-4.4.3\\app\\Views\\editar.php')
 3 SYSTEMPATH\View\View.php(231): CodeIgniter\View\View->CodeIgniter\View\{closure}()
 4 SYSTEMPATH\Common.php(1190): CodeIgniter\View\View->render('editar', [], true)
 5 APPPATH\Controllers\Infor.php(42): view('editar', [...])
 6 SYSTEMPATH\CodeIgniter.php(942): App\Controllers\Infor->EditarInfo()
 7 SYSTEMPATH\CodeIgniter.php(502): CodeIgniter\CodeIgniter->runController(Object(App\Controllers\Infor))
 8 SYSTEMPATH\CodeIgniter.php(361): CodeIgniter\CodeIgniter->handleRequest(null, Object(Config\Cache), false)
 9 FCPATH\index.php(79): CodeIgniter\CodeIgniter->run()
CRITICAL - 2023-12-12 13:28:55 --> Undefined variable $id
in APPPATH\Models\Salvar.php on line 12.
 1 APPPATH\Models\Salvar.php(12): CodeIgniter\Debug\Exceptions->errorHandler(2, 'Undefined variable $id', 'C:\\xampp\\htdocs\\framework-4.4.3\\app\\Models\\Salvar.php', 12)
 2 APPPATH\Controllers\Infor.php(40): App\Models\Salvar->MudarInfo([...])
 3 SYSTEMPATH\CodeIgniter.php(942): App\Controllers\Infor->EditarInfo()
 4 SYSTEMPATH\CodeIgniter.php(502): CodeIgniter\CodeIgniter->runController(Object(App\Controllers\Infor))
 5 SYSTEMPATH\CodeIgniter.php(361): CodeIgniter\CodeIgniter->handleRequest(null, Object(Config\Cache), false)
 6 FCPATH\index.php(79): CodeIgniter\CodeIgniter->run()
CRITICAL - 2023-12-12 13:29:29 --> Undefined array key "id"
in APPPATH\Views\editar.php on line 10.
 1 APPPATH\Views\editar.php(10): CodeIgniter\Debug\Exceptions->errorHandler(2, 'Undefined array key "id"', 'C:\\xampp\\htdocs\\framework-4.4.3\\app\\Views\\editar.php', 10)
 2 SYSTEMPATH\View\View.php(228): include('C:\\xampp\\htdocs\\framework-4.4.3\\app\\Views\\editar.php')
 3 SYSTEMPATH\View\View.php(231): CodeIgniter\View\View->CodeIgniter\View\{closure}()
 4 SYSTEMPATH\Common.php(1190): CodeIgniter\View\View->render('editar', [], true)
 5 APPPATH\Controllers\Infor.php(41): view('editar', [...])
 6 SYSTEMPATH\CodeIgniter.php(942): App\Controllers\Infor->EditarInfo()
 7 SYSTEMPATH\CodeIgniter.php(502): CodeIgniter\CodeIgniter->runController(Object(App\Controllers\Infor))
 8 SYSTEMPATH\CodeIgniter.php(361): CodeIgniter\CodeIgniter->handleRequest(null, Object(Config\Cache), false)
 9 FCPATH\index.php(79): CodeIgniter\CodeIgniter->run()
CRITICAL - 2023-12-12 13:35:32 --> Undefined array key "id"
in APPPATH\Views\editar.php on line 10.
 1 APPPATH\Views\editar.php(10): CodeIgniter\Debug\Exceptions->errorHandler(2, 'Undefined array key "id"', 'C:\\xampp\\htdocs\\framework-4.4.3\\app\\Views\\editar.php', 10)
 2 SYSTEMPATH\View\View.php(228): include('C:\\xampp\\htdocs\\framework-4.4.3\\app\\Views\\editar.php')
 3 SYSTEMPATH\View\View.php(231): CodeIgniter\View\View->CodeIgniter\View\{closure}()
 4 SYSTEMPATH\Common.php(1190): CodeIgniter\View\View->render('editar', [], true)
 5 APPPATH\Controllers\Infor.php(41): view('editar', [...])
 6 SYSTEMPATH\CodeIgniter.php(942): App\Controllers\Infor->EditarInfo()
 7 SYSTEMPATH\CodeIgniter.php(502): CodeIgniter\CodeIgniter->runController(Object(App\Controllers\Infor))
 8 SYSTEMPATH\CodeIgniter.php(361): CodeIgniter\CodeIgniter->handleRequest(null, Object(Config\Cache), false)
 9 FCPATH\index.php(79): CodeIgniter\CodeIgniter->run()
