CRITICAL - 2024-02-02 13:21:21 --> Maximum execution time of 30 seconds exceeded
in SYSTEMPATH\Helpers\kint_helper.php on line 14.
 1 [internal function]: CodeIgniter\Debug\Exceptions->shutdownHandler()
CRITICAL - 2024-02-02 13:22:01 --> syntax error, unexpected token ";", expecting "]"
in APPPATH\Controllers\Infor.php on line 41.
 1 SYSTEMPATH\Autoloader\Autoloader.php(291): CodeIgniter\Autoloader\Autoloader->includeFile('C:\\xampp\\htdocs\\framework-4.4.3\\app\\Controllers\\Infor.php')
 2 SYSTEMPATH\Autoloader\Autoloader.php(269): CodeIgniter\Autoloader\Autoloader->loadInNamespace('App\\Controllers\\Infor')
 3 [internal function]: CodeIgniter\Autoloader\Autoloader->loadClass('App\\Controllers\\Infor')
 4 SYSTEMPATH\CodeIgniter.php(900): class_exists('\\App\\Controllers\\Infor', true)
 5 SYSTEMPATH\CodeIgniter.php(489): CodeIgniter\CodeIgniter->startController()
 6 SYSTEMPATH\CodeIgniter.php(361): CodeIgniter\CodeIgniter->handleRequest(null, Object(Config\Cache), false)
 7 FCPATH\index.php(79): CodeIgniter\CodeIgniter->run()
CRITICAL - 2024-02-02 13:22:40 --> There is no data to update.
in SYSTEMPATH\BaseModel.php on line 1726.
 1 SYSTEMPATH\BaseModel.php(1726): CodeIgniter\Database\Exceptions\DataException::forEmptyDataset('update')
 2 SYSTEMPATH\BaseModel.php(916): CodeIgniter\BaseModel->transformDataToArray(null, 'update')
 3 SYSTEMPATH\Model.php(776): CodeIgniter\BaseModel->update([...], null)
 4 APPPATH\Controllers\Infor.php(70): CodeIgniter\Model->update([...])
 5 SYSTEMPATH\CodeIgniter.php(942): App\Controllers\Infor->EditarInfo()
 6 SYSTEMPATH\CodeIgniter.php(502): CodeIgniter\CodeIgniter->runController(Object(App\Controllers\Infor))
 7 SYSTEMPATH\CodeIgniter.php(361): CodeIgniter\CodeIgniter->handleRequest(null, Object(Config\Cache), false)
 8 FCPATH\index.php(79): CodeIgniter\CodeIgniter->run()
CRITICAL - 2024-02-02 13:32:18 --> Object of class App\Models\Salvar could not be converted to string
in APPPATH\Controllers\Infor.php on line 56.
 1 SYSTEMPATH\CodeIgniter.php(942): App\Controllers\Infor->EditarInfo()
 2 SYSTEMPATH\CodeIgniter.php(502): CodeIgniter\CodeIgniter->runController(Object(App\Controllers\Infor))
 3 SYSTEMPATH\CodeIgniter.php(361): CodeIgniter\CodeIgniter->handleRequest(null, Object(Config\Cache), false)
 4 FCPATH\index.php(79): CodeIgniter\CodeIgniter->run()
CRITICAL - 2024-02-02 13:32:20 --> Object of class App\Models\Salvar could not be converted to string
in APPPATH\Controllers\Infor.php on line 56.
 1 SYSTEMPATH\CodeIgniter.php(942): App\Controllers\Infor->EditarInfo()
 2 SYSTEMPATH\CodeIgniter.php(502): CodeIgniter\CodeIgniter->runController(Object(App\Controllers\Infor))
 3 SYSTEMPATH\CodeIgniter.php(361): CodeIgniter\CodeIgniter->handleRequest(null, Object(Config\Cache), false)
 4 FCPATH\index.php(79): CodeIgniter\CodeIgniter->run()
CRITICAL - 2024-02-02 13:32:21 --> Object of class App\Models\Salvar could not be converted to string
in APPPATH\Controllers\Infor.php on line 56.
 1 SYSTEMPATH\CodeIgniter.php(942): App\Controllers\Infor->EditarInfo()
 2 SYSTEMPATH\CodeIgniter.php(502): CodeIgniter\CodeIgniter->runController(Object(App\Controllers\Infor))
 3 SYSTEMPATH\CodeIgniter.php(361): CodeIgniter\CodeIgniter->handleRequest(null, Object(Config\Cache), false)
 4 FCPATH\index.php(79): CodeIgniter\CodeIgniter->run()
CRITICAL - 2024-02-02 13:32:22 --> Object of class App\Models\Salvar could not be converted to string
in APPPATH\Controllers\Infor.php on line 56.
 1 SYSTEMPATH\CodeIgniter.php(942): App\Controllers\Infor->EditarInfo()
 2 SYSTEMPATH\CodeIgniter.php(502): CodeIgniter\CodeIgniter->runController(Object(App\Controllers\Infor))
 3 SYSTEMPATH\CodeIgniter.php(361): CodeIgniter\CodeIgniter->handleRequest(null, Object(Config\Cache), false)
 4 FCPATH\index.php(79): CodeIgniter\CodeIgniter->run()
CRITICAL - 2024-02-02 13:32:23 --> Object of class App\Models\Salvar could not be converted to string
in APPPATH\Controllers\Infor.php on line 56.
 1 SYSTEMPATH\CodeIgniter.php(942): App\Controllers\Infor->EditarInfo()
 2 SYSTEMPATH\CodeIgniter.php(502): CodeIgniter\CodeIgniter->runController(Object(App\Controllers\Infor))
 3 SYSTEMPATH\CodeIgniter.php(361): CodeIgniter\CodeIgniter->handleRequest(null, Object(Config\Cache), false)
 4 FCPATH\index.php(79): CodeIgniter\CodeIgniter->run()
CRITICAL - 2024-02-02 13:36:22 --> There is no data to update.
in SYSTEMPATH\BaseModel.php on line 930.
 1 SYSTEMPATH\BaseModel.php(930): CodeIgniter\Database\Exceptions\DataException::forEmptyDataset('update')
 2 SYSTEMPATH\Model.php(776): CodeIgniter\BaseModel->update([...], [])
 3 SYSTEMPATH\BaseModel.php(696): CodeIgniter\Model->update('8', [...])
 4 APPPATH\Controllers\Infor.php(56): CodeIgniter\BaseModel->save([...])
 5 SYSTEMPATH\CodeIgniter.php(942): App\Controllers\Infor->EditarInfo()
 6 SYSTEMPATH\CodeIgniter.php(502): CodeIgniter\CodeIgniter->runController(Object(App\Controllers\Infor))
 7 SYSTEMPATH\CodeIgniter.php(361): CodeIgniter\CodeIgniter->handleRequest(null, Object(Config\Cache), false)
 8 FCPATH\index.php(79): CodeIgniter\CodeIgniter->run()
ERROR - 2024-02-02 13:42:22 --> mysqli_sql_exception: Column 'nome' cannot be null in C:\xampp\htdocs\framework-4.4.3\system\Database\MySQLi\Connection.php:306
Stack trace:
#0 C:\xampp\htdocs\framework-4.4.3\system\Database\MySQLi\Connection.php(306): mysqli->query('INSERT INTO `pe...', 0)
#1 C:\xampp\htdocs\framework-4.4.3\system\Database\BaseConnection.php(693): CodeIgniter\Database\MySQLi\Connection->execute('INSERT INTO `pe...')
#2 C:\xampp\htdocs\framework-4.4.3\system\Database\BaseConnection.php(607): CodeIgniter\Database\BaseConnection->simpleQuery('INSERT INTO `pe...')
#3 C:\xampp\htdocs\framework-4.4.3\system\Database\BaseBuilder.php(2308): CodeIgniter\Database\BaseConnection->query('INSERT INTO `pe...', Array, false)
#4 C:\xampp\htdocs\framework-4.4.3\system\Model.php(319): CodeIgniter\Database\BaseBuilder->insert()
#5 C:\xampp\htdocs\framework-4.4.3\system\BaseModel.php(788): CodeIgniter\Model->doInsert(Array)
#6 C:\xampp\htdocs\framework-4.4.3\system\Model.php(715): CodeIgniter\BaseModel->insert(Array, false)
#7 C:\xampp\htdocs\framework-4.4.3\system\BaseModel.php(698): CodeIgniter\Model->insert(Array, false)
#8 C:\xampp\htdocs\framework-4.4.3\app\Controllers\Infor.php(69): CodeIgniter\BaseModel->save(Array)
#9 C:\xampp\htdocs\framework-4.4.3\system\CodeIgniter.php(942): App\Controllers\Infor->EditarInfo()
#10 C:\xampp\htdocs\framework-4.4.3\system\CodeIgniter.php(502): CodeIgniter\CodeIgniter->runController(Object(App\Controllers\Infor))
#11 C:\xampp\htdocs\framework-4.4.3\system\CodeIgniter.php(361): CodeIgniter\CodeIgniter->handleRequest(NULL, Object(Config\Cache), false)
#12 C:\xampp\htdocs\framework-4.4.3\public\index.php(79): CodeIgniter\CodeIgniter->run()
#13 {main}
CRITICAL - 2024-02-02 13:42:22 --> Column 'nome' cannot be null
in SYSTEMPATH\Database\BaseConnection.php on line 647.
 1 SYSTEMPATH\Database\BaseBuilder.php(2308): CodeIgniter\Database\BaseConnection->query('INSERT INTO `pessoas` (`nome`, `sobrenome`, `email`) VALUES (:nome:, :sobrenome:, :email:)', [...], false)
 2 SYSTEMPATH\Model.php(319): CodeIgniter\Database\BaseBuilder->insert()
 3 SYSTEMPATH\BaseModel.php(788): CodeIgniter\Model->doInsert([...])
 4 SYSTEMPATH\Model.php(715): CodeIgniter\BaseModel->insert([...], false)
 5 SYSTEMPATH\BaseModel.php(698): CodeIgniter\Model->insert([...], false)
 6 APPPATH\Controllers\Infor.php(69): CodeIgniter\BaseModel->save([...])
 7 SYSTEMPATH\CodeIgniter.php(942): App\Controllers\Infor->EditarInfo()
 8 SYSTEMPATH\CodeIgniter.php(502): CodeIgniter\CodeIgniter->runController(Object(App\Controllers\Infor))
 9 SYSTEMPATH\CodeIgniter.php(361): CodeIgniter\CodeIgniter->handleRequest(null, Object(Config\Cache), false)
10 FCPATH\index.php(79): CodeIgniter\CodeIgniter->run()
ERROR - 2024-02-02 13:46:59 --> mysqli_sql_exception: Column 'nome' cannot be null in C:\xampp\htdocs\framework-4.4.3\system\Database\MySQLi\Connection.php:306
Stack trace:
#0 C:\xampp\htdocs\framework-4.4.3\system\Database\MySQLi\Connection.php(306): mysqli->query('INSERT INTO `pe...', 0)
#1 C:\xampp\htdocs\framework-4.4.3\system\Database\BaseConnection.php(693): CodeIgniter\Database\MySQLi\Connection->execute('INSERT INTO `pe...')
#2 C:\xampp\htdocs\framework-4.4.3\system\Database\BaseConnection.php(607): CodeIgniter\Database\BaseConnection->simpleQuery('INSERT INTO `pe...')
#3 C:\xampp\htdocs\framework-4.4.3\system\Database\BaseBuilder.php(2308): CodeIgniter\Database\BaseConnection->query('INSERT INTO `pe...', Array, false)
#4 C:\xampp\htdocs\framework-4.4.3\system\Model.php(319): CodeIgniter\Database\BaseBuilder->insert()
#5 C:\xampp\htdocs\framework-4.4.3\system\BaseModel.php(788): CodeIgniter\Model->doInsert(Array)
#6 C:\xampp\htdocs\framework-4.4.3\system\Model.php(715): CodeIgniter\BaseModel->insert(Array, false)
#7 C:\xampp\htdocs\framework-4.4.3\system\BaseModel.php(698): CodeIgniter\Model->insert(Array, false)
#8 C:\xampp\htdocs\framework-4.4.3\app\Controllers\Infor.php(69): CodeIgniter\BaseModel->save(Array)
#9 C:\xampp\htdocs\framework-4.4.3\system\CodeIgniter.php(942): App\Controllers\Infor->EditarInfo()
#10 C:\xampp\htdocs\framework-4.4.3\system\CodeIgniter.php(502): CodeIgniter\CodeIgniter->runController(Object(App\Controllers\Infor))
#11 C:\xampp\htdocs\framework-4.4.3\system\CodeIgniter.php(361): CodeIgniter\CodeIgniter->handleRequest(NULL, Object(Config\Cache), false)
#12 C:\xampp\htdocs\framework-4.4.3\public\index.php(79): CodeIgniter\CodeIgniter->run()
#13 {main}
CRITICAL - 2024-02-02 13:46:59 --> Column 'nome' cannot be null
in SYSTEMPATH\Database\BaseConnection.php on line 647.
 1 SYSTEMPATH\Database\BaseBuilder.php(2308): CodeIgniter\Database\BaseConnection->query('INSERT INTO `pessoas` (`nome`, `sobrenome`, `email`) VALUES (:nome:, :sobrenome:, :email:)', [...], false)
 2 SYSTEMPATH\Model.php(319): CodeIgniter\Database\BaseBuilder->insert()
 3 SYSTEMPATH\BaseModel.php(788): CodeIgniter\Model->doInsert([...])
 4 SYSTEMPATH\Model.php(715): CodeIgniter\BaseModel->insert([...], false)
 5 SYSTEMPATH\BaseModel.php(698): CodeIgniter\Model->insert([...], false)
 6 APPPATH\Controllers\Infor.php(69): CodeIgniter\BaseModel->save([...])
 7 SYSTEMPATH\CodeIgniter.php(942): App\Controllers\Infor->EditarInfo()
 8 SYSTEMPATH\CodeIgniter.php(502): CodeIgniter\CodeIgniter->runController(Object(App\Controllers\Infor))
 9 SYSTEMPATH\CodeIgniter.php(361): CodeIgniter\CodeIgniter->handleRequest(null, Object(Config\Cache), false)
10 FCPATH\index.php(79): CodeIgniter\CodeIgniter->run()
CRITICAL - 2024-02-02 13:47:37 --> There is no data to update.
in SYSTEMPATH\BaseModel.php on line 930.
 1 SYSTEMPATH\BaseModel.php(930): CodeIgniter\Database\Exceptions\DataException::forEmptyDataset('update')
 2 SYSTEMPATH\Model.php(776): CodeIgniter\BaseModel->update([...], [])
 3 SYSTEMPATH\BaseModel.php(696): CodeIgniter\Model->update('8', [...])
 4 APPPATH\Controllers\Infor.php(56): CodeIgniter\BaseModel->save([...])
 5 SYSTEMPATH\CodeIgniter.php(942): App\Controllers\Infor->EditarInfo()
 6 SYSTEMPATH\CodeIgniter.php(502): CodeIgniter\CodeIgniter->runController(Object(App\Controllers\Infor))
 7 SYSTEMPATH\CodeIgniter.php(361): CodeIgniter\CodeIgniter->handleRequest(null, Object(Config\Cache), false)
 8 FCPATH\index.php(79): CodeIgniter\CodeIgniter->run()
CRITICAL - 2024-02-02 13:50:15 --> There is no data to update.
in SYSTEMPATH\BaseModel.php on line 930.
 1 SYSTEMPATH\BaseModel.php(930): CodeIgniter\Database\Exceptions\DataException::forEmptyDataset('update')
 2 SYSTEMPATH\Model.php(776): CodeIgniter\BaseModel->update([...], [])
 3 SYSTEMPATH\BaseModel.php(696): CodeIgniter\Model->update('9', [...])
 4 APPPATH\Controllers\Infor.php(70): CodeIgniter\BaseModel->save([...])
 5 SYSTEMPATH\CodeIgniter.php(942): App\Controllers\Infor->EditarInfo()
 6 SYSTEMPATH\CodeIgniter.php(502): CodeIgniter\CodeIgniter->runController(Object(App\Controllers\Infor))
 7 SYSTEMPATH\CodeIgniter.php(361): CodeIgniter\CodeIgniter->handleRequest(null, Object(Config\Cache), false)
 8 FCPATH\index.php(79): CodeIgniter\CodeIgniter->run()
CRITICAL - 2024-02-02 14:10:27 --> Call to undefined method App\Models\Salvar::uptade
in SYSTEMPATH\Model.php on line 873.
 1 APPPATH\Controllers\Infor.php(63): CodeIgniter\Model->__call('uptade', [...])
 2 SYSTEMPATH\CodeIgniter.php(942): App\Controllers\Infor->EditarInfo()
 3 SYSTEMPATH\CodeIgniter.php(502): CodeIgniter\CodeIgniter->runController(Object(App\Controllers\Infor))
 4 SYSTEMPATH\CodeIgniter.php(361): CodeIgniter\CodeIgniter->handleRequest(null, Object(Config\Cache), false)
 5 FCPATH\index.php(79): CodeIgniter\CodeIgniter->run()
CRITICAL - 2024-02-02 14:13:21 --> Call to undefined method App\Models\Salvar::uptade
in SYSTEMPATH\Model.php on line 873.
 1 APPPATH\Controllers\Infor.php(63): CodeIgniter\Model->__call('uptade', [...])
 2 SYSTEMPATH\CodeIgniter.php(942): App\Controllers\Infor->EditarInfo()
 3 SYSTEMPATH\CodeIgniter.php(502): CodeIgniter\CodeIgniter->runController(Object(App\Controllers\Infor))
 4 SYSTEMPATH\CodeIgniter.php(361): CodeIgniter\CodeIgniter->handleRequest(null, Object(Config\Cache), false)
 5 FCPATH\index.php(79): CodeIgniter\CodeIgniter->run()
CRITICAL - 2024-02-02 14:18:33 --> Call to undefined method App\Models\Salvar::uptade
in SYSTEMPATH\Model.php on line 873.
 1 APPPATH\Controllers\Editar.php(17): CodeIgniter\Model->__call('uptade', [...])
 2 SYSTEMPATH\CodeIgniter.php(942): App\Controllers\Editar->EditarInfo()
 3 SYSTEMPATH\CodeIgniter.php(502): CodeIgniter\CodeIgniter->runController(Object(App\Controllers\Editar))
 4 SYSTEMPATH\CodeIgniter.php(361): CodeIgniter\CodeIgniter->handleRequest(null, Object(Config\Cache), false)
 5 FCPATH\index.php(79): CodeIgniter\CodeIgniter->run()
CRITICAL - 2024-02-02 14:25:12 --> Call to undefined method App\Models\Salvar::uptade
in SYSTEMPATH\Model.php on line 873.
 1 APPPATH\Controllers\Editar.php(17): CodeIgniter\Model->__call('uptade', [...])
 2 SYSTEMPATH\CodeIgniter.php(942): App\Controllers\Editar->EditarInfo()
 3 SYSTEMPATH\CodeIgniter.php(502): CodeIgniter\CodeIgniter->runController(Object(App\Controllers\Editar))
 4 SYSTEMPATH\CodeIgniter.php(361): CodeIgniter\CodeIgniter->handleRequest(null, Object(Config\Cache), false)
 5 FCPATH\index.php(79): CodeIgniter\CodeIgniter->run()
CRITICAL - 2024-02-02 14:56:57 --> syntax error, unexpected token "public"
in APPPATH\Controllers\Infor.php on line 52.
 1 SYSTEMPATH\Autoloader\Autoloader.php(291): CodeIgniter\Autoloader\Autoloader->includeFile('C:\\xampp\\htdocs\\framework-4.4.3\\app\\Controllers\\Infor.php')
 2 SYSTEMPATH\Autoloader\Autoloader.php(269): CodeIgniter\Autoloader\Autoloader->loadInNamespace('App\\Controllers\\Infor')
 3 [internal function]: CodeIgniter\Autoloader\Autoloader->loadClass('App\\Controllers\\Infor')
 4 SYSTEMPATH\CodeIgniter.php(900): class_exists('\\App\\Controllers\\Infor', true)
 5 SYSTEMPATH\CodeIgniter.php(489): CodeIgniter\CodeIgniter->startController()
 6 SYSTEMPATH\CodeIgniter.php(361): CodeIgniter\CodeIgniter->handleRequest(null, Object(Config\Cache), false)
 7 FCPATH\index.php(79): CodeIgniter\CodeIgniter->run()
CRITICAL - 2024-02-02 14:57:16 --> syntax error, unexpected token "public"
in APPPATH\Controllers\Infor.php on line 52.
 1 SYSTEMPATH\Autoloader\Autoloader.php(291): CodeIgniter\Autoloader\Autoloader->includeFile('C:\\xampp\\htdocs\\framework-4.4.3\\app\\Controllers\\Infor.php')
 2 SYSTEMPATH\Autoloader\Autoloader.php(269): CodeIgniter\Autoloader\Autoloader->loadInNamespace('App\\Controllers\\Infor')
 3 [internal function]: CodeIgniter\Autoloader\Autoloader->loadClass('App\\Controllers\\Infor')
 4 SYSTEMPATH\CodeIgniter.php(900): class_exists('\\App\\Controllers\\Infor', true)
 5 SYSTEMPATH\CodeIgniter.php(489): CodeIgniter\CodeIgniter->startController()
 6 SYSTEMPATH\CodeIgniter.php(361): CodeIgniter\CodeIgniter->handleRequest(null, Object(Config\Cache), false)
 7 FCPATH\index.php(79): CodeIgniter\CodeIgniter->run()
CRITICAL - 2024-02-02 14:57:53 --> syntax error, unexpected token "public"
in APPPATH\Controllers\Infor.php on line 52.
 1 SYSTEMPATH\Autoloader\Autoloader.php(291): CodeIgniter\Autoloader\Autoloader->includeFile('C:\\xampp\\htdocs\\framework-4.4.3\\app\\Controllers\\Infor.php')
 2 SYSTEMPATH\Autoloader\Autoloader.php(269): CodeIgniter\Autoloader\Autoloader->loadInNamespace('App\\Controllers\\Infor')
 3 [internal function]: CodeIgniter\Autoloader\Autoloader->loadClass('App\\Controllers\\Infor')
 4 SYSTEMPATH\CodeIgniter.php(900): class_exists('\\App\\Controllers\\Infor', true)
 5 SYSTEMPATH\CodeIgniter.php(489): CodeIgniter\CodeIgniter->startController()
 6 SYSTEMPATH\CodeIgniter.php(361): CodeIgniter\CodeIgniter->handleRequest(null, Object(Config\Cache), false)
 7 FCPATH\index.php(79): CodeIgniter\CodeIgniter->run()
CRITICAL - 2024-02-02 14:59:23 --> Undefined variable $usuario
in APPPATH\Views\editar.php on line 12.
 1 APPPATH\Views\editar.php(12): CodeIgniter\Debug\Exceptions->errorHandler(2, 'Undefined variable $usuario', 'C:\\xampp\\htdocs\\framework-4.4.3\\app\\Views\\editar.php', 12)
 2 SYSTEMPATH\View\View.php(228): include('C:\\xampp\\htdocs\\framework-4.4.3\\app\\Views\\editar.php')
 3 SYSTEMPATH\View\View.php(231): CodeIgniter\View\View->CodeIgniter\View\{closure}()
 4 SYSTEMPATH\Common.php(1190): CodeIgniter\View\View->render('editar', [], true)
 5 APPPATH\Controllers\Infor.php(41): view('editar', [...])
 6 SYSTEMPATH\CodeIgniter.php(942): App\Controllers\Infor->Info()
 7 SYSTEMPATH\CodeIgniter.php(502): CodeIgniter\CodeIgniter->runController(Object(App\Controllers\Infor))
 8 SYSTEMPATH\CodeIgniter.php(361): CodeIgniter\CodeIgniter->handleRequest(null, Object(Config\Cache), false)
 9 FCPATH\index.php(79): CodeIgniter\CodeIgniter->run()
CRITICAL - 2024-02-02 15:00:22 --> Undefined variable $data
in APPPATH\Views\editar.php on line 12.
 1 APPPATH\Views\editar.php(12): CodeIgniter\Debug\Exceptions->errorHandler(2, 'Undefined variable $data', 'C:\\xampp\\htdocs\\framework-4.4.3\\app\\Views\\editar.php', 12)
 2 SYSTEMPATH\View\View.php(228): include('C:\\xampp\\htdocs\\framework-4.4.3\\app\\Views\\editar.php')
 3 SYSTEMPATH\View\View.php(231): CodeIgniter\View\View->CodeIgniter\View\{closure}()
 4 SYSTEMPATH\Common.php(1190): CodeIgniter\View\View->render('editar', [], true)
 5 APPPATH\Controllers\Infor.php(41): view('editar', [...])
 6 SYSTEMPATH\CodeIgniter.php(942): App\Controllers\Infor->Info()
 7 SYSTEMPATH\CodeIgniter.php(502): CodeIgniter\CodeIgniter->runController(Object(App\Controllers\Infor))
 8 SYSTEMPATH\CodeIgniter.php(361): CodeIgniter\CodeIgniter->handleRequest(null, Object(Config\Cache), false)
 9 FCPATH\index.php(79): CodeIgniter\CodeIgniter->run()
CRITICAL - 2024-02-02 15:01:56 --> syntax error, unexpected token "as"
in APPPATH\Views\editar.php on line 9.
 1 SYSTEMPATH\View\View.php(231): CodeIgniter\View\View->CodeIgniter\View\{closure}()
 2 SYSTEMPATH\Common.php(1190): CodeIgniter\View\View->render('editar', [], true)
 3 APPPATH\Controllers\Infor.php(41): view('editar', [...])
 4 SYSTEMPATH\CodeIgniter.php(942): App\Controllers\Infor->Info()
 5 SYSTEMPATH\CodeIgniter.php(502): CodeIgniter\CodeIgniter->runController(Object(App\Controllers\Infor))
 6 SYSTEMPATH\CodeIgniter.php(361): CodeIgniter\CodeIgniter->handleRequest(null, Object(Config\Cache), false)
 7 FCPATH\index.php(79): CodeIgniter\CodeIgniter->run()
CRITICAL - 2024-02-02 15:02:48 --> syntax error, unexpected token "as"
in APPPATH\Views\editar.php on line 9.
 1 SYSTEMPATH\View\View.php(231): CodeIgniter\View\View->CodeIgniter\View\{closure}()
 2 SYSTEMPATH\Common.php(1190): CodeIgniter\View\View->render('editar', [], true)
 3 APPPATH\Controllers\Infor.php(41): view('editar', [...])
 4 SYSTEMPATH\CodeIgniter.php(942): App\Controllers\Infor->Info()
 5 SYSTEMPATH\CodeIgniter.php(502): CodeIgniter\CodeIgniter->runController(Object(App\Controllers\Infor))
 6 SYSTEMPATH\CodeIgniter.php(361): CodeIgniter\CodeIgniter->handleRequest(null, Object(Config\Cache), false)
 7 FCPATH\index.php(79): CodeIgniter\CodeIgniter->run()
CRITICAL - 2024-02-02 15:05:20 --> syntax error, unexpected token "as"
in APPPATH\Views\editar.php on line 9.
 1 SYSTEMPATH\View\View.php(231): CodeIgniter\View\View->CodeIgniter\View\{closure}()
 2 SYSTEMPATH\Common.php(1190): CodeIgniter\View\View->render('editar', [], true)
 3 APPPATH\Controllers\Infor.php(41): view('editar', [...])
 4 SYSTEMPATH\CodeIgniter.php(942): App\Controllers\Infor->Info()
 5 SYSTEMPATH\CodeIgniter.php(502): CodeIgniter\CodeIgniter->runController(Object(App\Controllers\Infor))
 6 SYSTEMPATH\CodeIgniter.php(361): CodeIgniter\CodeIgniter->handleRequest(null, Object(Config\Cache), false)
 7 FCPATH\index.php(79): CodeIgniter\CodeIgniter->run()
CRITICAL - 2024-02-02 15:06:03 --> Undefined array key "nome"
in APPPATH\Views\editar.php on line 12.
 1 APPPATH\Views\editar.php(12): CodeIgniter\Debug\Exceptions->errorHandler(2, 'Undefined array key "nome"', 'C:\\xampp\\htdocs\\framework-4.4.3\\app\\Views\\editar.php', 12)
 2 SYSTEMPATH\View\View.php(228): include('C:\\xampp\\htdocs\\framework-4.4.3\\app\\Views\\editar.php')
 3 SYSTEMPATH\View\View.php(231): CodeIgniter\View\View->CodeIgniter\View\{closure}()
 4 SYSTEMPATH\Common.php(1190): CodeIgniter\View\View->render('editar', [], true)
 5 APPPATH\Controllers\Infor.php(41): view('editar', [...])
 6 SYSTEMPATH\CodeIgniter.php(942): App\Controllers\Infor->Info()
 7 SYSTEMPATH\CodeIgniter.php(502): CodeIgniter\CodeIgniter->runController(Object(App\Controllers\Infor))
 8 SYSTEMPATH\CodeIgniter.php(361): CodeIgniter\CodeIgniter->handleRequest(null, Object(Config\Cache), false)
 9 FCPATH\index.php(79): CodeIgniter\CodeIgniter->run()
ERROR - 2024-02-02 15:22:47 --> mysqli_sql_exception: You have an error in your SQL syntax; check the manual that corresponds to your MariaDB server version for the right syntax to use near ')' at line 3 in C:\xampp\htdocs\framework-4.4.3\system\Database\MySQLi\Connection.php:306
Stack trace:
#0 C:\xampp\htdocs\framework-4.4.3\system\Database\MySQLi\Connection.php(306): mysqli->query('SELECT *\nFROM `...', 0)
#1 C:\xampp\htdocs\framework-4.4.3\system\Database\BaseConnection.php(693): CodeIgniter\Database\MySQLi\Connection->execute('SELECT *\nFROM `...')
#2 C:\xampp\htdocs\framework-4.4.3\system\Database\BaseConnection.php(607): CodeIgniter\Database\BaseConnection->simpleQuery('SELECT *\nFROM `...')
#3 C:\xampp\htdocs\framework-4.4.3\system\Database\BaseBuilder.php(1615): CodeIgniter\Database\BaseConnection->query('SELECT *\nFROM `...', Array, false)
#4 C:\xampp\htdocs\framework-4.4.3\system\Model.php(192): CodeIgniter\Database\BaseBuilder->get()
#5 C:\xampp\htdocs\framework-4.4.3\system\BaseModel.php(563): CodeIgniter\Model->doFind(false, Array)
#6 C:\xampp\htdocs\framework-4.4.3\app\Controllers\Infor.php(40): CodeIgniter\BaseModel->find(Array)
#7 C:\xampp\htdocs\framework-4.4.3\system\CodeIgniter.php(942): App\Controllers\Infor->Info()
#8 C:\xampp\htdocs\framework-4.4.3\system\CodeIgniter.php(502): CodeIgniter\CodeIgniter->runController(Object(App\Controllers\Infor))
#9 C:\xampp\htdocs\framework-4.4.3\system\CodeIgniter.php(361): CodeIgniter\CodeIgniter->handleRequest(NULL, Object(Config\Cache), false)
#10 C:\xampp\htdocs\framework-4.4.3\public\index.php(79): CodeIgniter\CodeIgniter->run()
#11 {main}
CRITICAL - 2024-02-02 15:22:47 --> You have an error in your SQL syntax; check the manual that corresponds to your MariaDB server version for the right syntax to use near ')' at line 3
in SYSTEMPATH\Database\BaseConnection.php on line 647.
 1 SYSTEMPATH\Database\BaseBuilder.php(1615): CodeIgniter\Database\BaseConnection->query('SELECT *
FROM `pessoas`
WHERE `pessoas`.`id` IN :pessoas.id:', [...], false)
 2 SYSTEMPATH\Model.php(192): CodeIgniter\Database\BaseBuilder->get()
 3 SYSTEMPATH\BaseModel.php(563): CodeIgniter\Model->doFind(false, [])
 4 APPPATH\Controllers\Infor.php(40): CodeIgniter\BaseModel->find([])
 5 SYSTEMPATH\CodeIgniter.php(942): App\Controllers\Infor->Info()
 6 SYSTEMPATH\CodeIgniter.php(502): CodeIgniter\CodeIgniter->runController(Object(App\Controllers\Infor))
 7 SYSTEMPATH\CodeIgniter.php(361): CodeIgniter\CodeIgniter->handleRequest(null, Object(Config\Cache), false)
 8 FCPATH\index.php(79): CodeIgniter\CodeIgniter->run()
CRITICAL - 2024-02-02 15:25:34 --> Call to undefined method App\Models\Salvar::uptade
in SYSTEMPATH\Model.php on line 873.
 1 APPPATH\Controllers\Infor.php(63): CodeIgniter\Model->__call('uptade', [...])
 2 SYSTEMPATH\CodeIgniter.php(942): App\Controllers\Infor->EditarInfo()
 3 SYSTEMPATH\CodeIgniter.php(502): CodeIgniter\CodeIgniter->runController(Object(App\Controllers\Infor))
 4 SYSTEMPATH\CodeIgniter.php(361): CodeIgniter\CodeIgniter->handleRequest(null, Object(Config\Cache), false)
 5 FCPATH\index.php(79): CodeIgniter\CodeIgniter->run()
ERROR - 2024-02-02 15:28:15 --> mysqli_sql_exception: Unknown column 'fone' in 'field list' in C:\xampp\htdocs\framework-4.4.3\system\Database\MySQLi\Connection.php:306
Stack trace:
#0 C:\xampp\htdocs\framework-4.4.3\system\Database\MySQLi\Connection.php(306): mysqli->query('UPDATE `pessoas...', 0)
#1 C:\xampp\htdocs\framework-4.4.3\system\Database\BaseConnection.php(693): CodeIgniter\Database\MySQLi\Connection->execute('UPDATE `pessoas...')
#2 C:\xampp\htdocs\framework-4.4.3\system\Database\BaseConnection.php(607): CodeIgniter\Database\BaseConnection->simpleQuery('UPDATE `pessoas...')
#3 C:\xampp\htdocs\framework-4.4.3\system\Database\BaseBuilder.php(2475): CodeIgniter\Database\BaseConnection->query('UPDATE `pessoas...', Array, false)
#4 C:\xampp\htdocs\framework-4.4.3\system\Model.php(385): CodeIgniter\Database\BaseBuilder->update()
#5 C:\xampp\htdocs\framework-4.4.3\system\BaseModel.php(949): CodeIgniter\Model->doUpdate(Array, Array)
#6 C:\xampp\htdocs\framework-4.4.3\system\Model.php(776): CodeIgniter\BaseModel->update(Array, Array)
#7 C:\xampp\htdocs\framework-4.4.3\app\Controllers\Infor.php(63): CodeIgniter\Model->update(Array, Array)
#8 C:\xampp\htdocs\framework-4.4.3\system\CodeIgniter.php(942): App\Controllers\Infor->EditarInfo()
#9 C:\xampp\htdocs\framework-4.4.3\system\CodeIgniter.php(502): CodeIgniter\CodeIgniter->runController(Object(App\Controllers\Infor))
#10 C:\xampp\htdocs\framework-4.4.3\system\CodeIgniter.php(361): CodeIgniter\CodeIgniter->handleRequest(NULL, Object(Config\Cache), false)
#11 C:\xampp\htdocs\framework-4.4.3\public\index.php(79): CodeIgniter\CodeIgniter->run()
#12 {main}
CRITICAL - 2024-02-02 15:28:15 --> Unknown column 'fone' in 'field list'
in SYSTEMPATH\Database\BaseConnection.php on line 647.
 1 SYSTEMPATH\Database\BaseBuilder.php(2475): CodeIgniter\Database\BaseConnection->query('UPDATE `pessoas` SET `nome` = :nome:, `sobrenome` = :sobrenome:, `email` = :email:, `fone` = :fone:
WHERE `pessoas`.`id` IN :pessoas.id:', [...], false)
 2 SYSTEMPATH\Model.php(385): CodeIgniter\Database\BaseBuilder->update()
 3 SYSTEMPATH\BaseModel.php(949): CodeIgniter\Model->doUpdate([...], [...])
 4 SYSTEMPATH\Model.php(776): CodeIgniter\BaseModel->update([...], [...])
 5 APPPATH\Controllers\Infor.php(63): CodeIgniter\Model->update([...], [...])
 6 SYSTEMPATH\CodeIgniter.php(942): App\Controllers\Infor->EditarInfo()
 7 SYSTEMPATH\CodeIgniter.php(502): CodeIgniter\CodeIgniter->runController(Object(App\Controllers\Infor))
 8 SYSTEMPATH\CodeIgniter.php(361): CodeIgniter\CodeIgniter->handleRequest(null, Object(Config\Cache), false)
 9 FCPATH\index.php(79): CodeIgniter\CodeIgniter->run()
CRITICAL - 2024-02-02 16:16:05 --> Undefined variable $mostrar
in APPPATH\Views\mostrar.php on line 21.
 1 APPPATH\Views\mostrar.php(21): CodeIgniter\Debug\Exceptions->errorHandler(2, 'Undefined variable $mostrar', 'C:\\xampp\\htdocs\\framework-4.4.3\\app\\Views\\mostrar.php', 21)
 2 SYSTEMPATH\View\View.php(228): include('C:\\xampp\\htdocs\\framework-4.4.3\\app\\Views\\mostrar.php')
 3 SYSTEMPATH\View\View.php(231): CodeIgniter\View\View->CodeIgniter\View\{closure}()
 4 SYSTEMPATH\Common.php(1190): CodeIgniter\View\View->render('mostrar', [], true)
 5 APPPATH\Controllers\Infor.php(61): view('mostrar')
 6 SYSTEMPATH\CodeIgniter.php(942): App\Controllers\Infor->EditarInfo()
 7 SYSTEMPATH\CodeIgniter.php(502): CodeIgniter\CodeIgniter->runController(Object(App\Controllers\Infor))
 8 SYSTEMPATH\CodeIgniter.php(361): CodeIgniter\CodeIgniter->handleRequest(null, Object(Config\Cache), false)
 9 FCPATH\index.php(79): CodeIgniter\CodeIgniter->run()
CRITICAL - 2024-02-02 16:22:47 --> Array to string conversion
in APPPATH\Controllers\Infor.php on line 61.
 1 APPPATH\Controllers\Infor.php(61): CodeIgniter\Debug\Exceptions->errorHandler(2, 'Array to string conversion', 'C:\\xampp\\htdocs\\framework-4.4.3\\app\\Controllers\\Infor.php', 61)
 2 SYSTEMPATH\CodeIgniter.php(942): App\Controllers\Infor->EditarInfo()
 3 SYSTEMPATH\CodeIgniter.php(502): CodeIgniter\CodeIgniter->runController(Object(App\Controllers\Infor))
 4 SYSTEMPATH\CodeIgniter.php(361): CodeIgniter\CodeIgniter->handleRequest(null, Object(Config\Cache), false)
 5 FCPATH\index.php(79): CodeIgniter\CodeIgniter->run()
CRITICAL - 2024-02-02 16:41:29 --> syntax error, unexpected string content "", expecting "-" or identifier or variable or number
in APPPATH\Views\editar.php on line 9.
 1 SYSTEMPATH\View\View.php(231): CodeIgniter\View\View->CodeIgniter\View\{closure}()
 2 SYSTEMPATH\Common.php(1190): CodeIgniter\View\View->render('editar', [], true)
 3 APPPATH\Controllers\Infor.php(39): view('editar', [...])
 4 SYSTEMPATH\CodeIgniter.php(942): App\Controllers\Infor->Info()
 5 SYSTEMPATH\CodeIgniter.php(502): CodeIgniter\CodeIgniter->runController(Object(App\Controllers\Infor))
 6 SYSTEMPATH\CodeIgniter.php(361): CodeIgniter\CodeIgniter->handleRequest(null, Object(Config\Cache), false)
 7 FCPATH\index.php(79): CodeIgniter\CodeIgniter->run()
CRITICAL - 2024-02-02 17:11:18 --> Undefined array key "nome"
in APPPATH\Views\editar.php on line 12.
 1 APPPATH\Views\editar.php(12): CodeIgniter\Debug\Exceptions->errorHandler(2, 'Undefined array key "nome"', 'C:\\xampp\\htdocs\\framework-4.4.3\\app\\Views\\editar.php', 12)
 2 SYSTEMPATH\View\View.php(228): include('C:\\xampp\\htdocs\\framework-4.4.3\\app\\Views\\editar.php')
 3 SYSTEMPATH\View\View.php(231): CodeIgniter\View\View->CodeIgniter\View\{closure}()
 4 SYSTEMPATH\Common.php(1190): CodeIgniter\View\View->render('editar', [], true)
 5 APPPATH\Controllers\Infor.php(39): view('editar', [...])
 6 SYSTEMPATH\CodeIgniter.php(942): App\Controllers\Infor->Info()
 7 SYSTEMPATH\CodeIgniter.php(502): CodeIgniter\CodeIgniter->runController(Object(App\Controllers\Infor))
 8 SYSTEMPATH\CodeIgniter.php(361): CodeIgniter\CodeIgniter->handleRequest(null, Object(Config\Cache), false)
 9 FCPATH\index.php(79): CodeIgniter\CodeIgniter->run()
CRITICAL - 2024-02-02 17:13:22 --> Undefined array key "id"
in APPPATH\Views\editar.php on line 10.
 1 APPPATH\Views\editar.php(10): CodeIgniter\Debug\Exceptions->errorHandler(2, 'Undefined array key "id"', 'C:\\xampp\\htdocs\\framework-4.4.3\\app\\Views\\editar.php', 10)
 2 SYSTEMPATH\View\View.php(228): include('C:\\xampp\\htdocs\\framework-4.4.3\\app\\Views\\editar.php')
 3 SYSTEMPATH\View\View.php(231): CodeIgniter\View\View->CodeIgniter\View\{closure}()
 4 SYSTEMPATH\Common.php(1190): CodeIgniter\View\View->render('editar', [], true)
 5 APPPATH\Controllers\Infor.php(39): view('editar', [...])
 6 SYSTEMPATH\CodeIgniter.php(942): App\Controllers\Infor->Info()
 7 SYSTEMPATH\CodeIgniter.php(502): CodeIgniter\CodeIgniter->runController(Object(App\Controllers\Infor))
 8 SYSTEMPATH\CodeIgniter.php(361): CodeIgniter\CodeIgniter->handleRequest(null, Object(Config\Cache), false)
 9 FCPATH\index.php(79): CodeIgniter\CodeIgniter->run()
CRITICAL - 2024-02-02 17:23:48 --> Undefined variable $id
in APPPATH\Views\editar.php on line 26.
 1 APPPATH\Views\editar.php(26): CodeIgniter\Debug\Exceptions->errorHandler(2, 'Undefined variable $id', 'C:\\xampp\\htdocs\\framework-4.4.3\\app\\Views\\editar.php', 26)
 2 SYSTEMPATH\View\View.php(228): include('C:\\xampp\\htdocs\\framework-4.4.3\\app\\Views\\editar.php')
 3 SYSTEMPATH\View\View.php(231): CodeIgniter\View\View->CodeIgniter\View\{closure}()
 4 SYSTEMPATH\Common.php(1190): CodeIgniter\View\View->render('editar', [], true)
 5 APPPATH\Controllers\Infor.php(39): view('editar', [...])
 6 SYSTEMPATH\CodeIgniter.php(942): App\Controllers\Infor->Info()
 7 SYSTEMPATH\CodeIgniter.php(502): CodeIgniter\CodeIgniter->runController(Object(App\Controllers\Infor))
 8 SYSTEMPATH\CodeIgniter.php(361): CodeIgniter\CodeIgniter->handleRequest(null, Object(Config\Cache), false)
 9 FCPATH\index.php(79): CodeIgniter\CodeIgniter->run()
CRITICAL - 2024-02-02 20:32:29 --> Maximum execution time of 30 seconds exceeded
in SYSTEMPATH\Debug\Toolbar.php on line 476.
 1 [internal function]: CodeIgniter\Debug\Exceptions->shutdownHandler()
CRITICAL - 2024-02-02 20:40:12 --> Maximum execution time of 30 seconds exceeded
in SYSTEMPATH\ThirdParty\Kint\Renderer\CliRenderer.php on line 33.
 1 [internal function]: CodeIgniter\Debug\Exceptions->shutdownHandler()
CRITICAL - 2024-02-02 20:41:20 --> Maximum execution time of 30 seconds exceeded
in SYSTEMPATH\Filters\DebugToolbar.php on line 23.
 1 [internal function]: CodeIgniter\Debug\Exceptions->shutdownHandler()
CRITICAL - 2024-02-02 20:42:56 --> Maximum execution time of 30 seconds exceeded
in SYSTEMPATH\Debug\Toolbar.php on line 476.
 1 [internal function]: CodeIgniter\Debug\Exceptions->shutdownHandler()
CRITICAL - 2024-02-02 20:43:00 --> CodeIgniter\BaseModel::transformDataToArray(): Return value must be of type array, string returned
in SYSTEMPATH\BaseModel.php on line 1752.
 1 SYSTEMPATH\BaseModel.php(916): CodeIgniter\BaseModel->transformDataToArray('10', 'update')
 2 SYSTEMPATH\Model.php(776): CodeIgniter\BaseModel->update([...], '10')
 3 APPPATH\Controllers\Infor.php(62): CodeIgniter\Model->update([...], '10')
 4 SYSTEMPATH\CodeIgniter.php(942): App\Controllers\Infor->EditarInfo()
 5 SYSTEMPATH\CodeIgniter.php(502): CodeIgniter\CodeIgniter->runController(Object(App\Controllers\Infor))
 6 SYSTEMPATH\CodeIgniter.php(361): CodeIgniter\CodeIgniter->handleRequest(null, Object(Config\Cache), false)
 7 FCPATH\index.php(79): CodeIgniter\CodeIgniter->run()
